   ▲ Next.js 15.3.0
   - Local:        http://localhost:3000
   - Network:      http://0.0.0.0:3000
   - Environments: .env.local, .env

 ✓ Starting...
 ✓ Ready in 1009ms
 ✓ Compiled /middleware in 445ms (248 modules)
Development mode: Skipping authentication check
 ○ Compiling / ...
 ✓ Compiled / in 2.3s (1007 modules)
Using mock Supabase client for development
 GET / 200 in 2485ms
 ✓ Compiled /favicon.ico in 155ms (550 modules)
 GET /favicon.ico 200 in 207ms
 GET /favicon.ico 200 in 3ms
 ✓ Compiled in 265ms (460 modules)
 ✓ Compiled in 88ms (437 modules)
 ✓ Compiled in 137ms (460 modules)
 ✓ Compiled in 136ms (460 modules)
 ✓ Compiled in 106ms (460 modules)
 ✓ Compiled in 306ms (460 modules)
Development mode: Skipping authentication check
 ✓ Compiled / in 237ms (534 modules)
Using mock Supabase client for development
 GET / 200 in 364ms
 ✓ Compiled /favicon.ico in 62ms (550 modules)
 GET /favicon.ico 200 in 114ms
 GET /favicon.ico 200 in 3ms
 ✓ Compiled in 104ms (987 modules)
 ✓ Compiled in 101ms (987 modules)
 ✓ Compiled in 117ms (987 modules)
 ✓ Compiled in 152ms (460 modules)
Development mode: Skipping authentication check
Using mock Supabase client for development
 GET / 200 in 82ms
 GET /favicon.ico 200 in 6ms
 GET /favicon.ico 200 in 7ms
 ✓ Compiled in 192ms (987 modules)
 ✓ Compiled in 112ms (987 modules)
 ✓ Compiled in 126ms (460 modules)
 ✓ Compiled in 119ms (460 modules)
 ✓ Compiled in 95ms (460 modules)
 ✓ Compiled in 104ms (460 modules)
 ✓ Compiled in 129ms (1219 modules)
Development mode: Skipping authentication check
 ✓ Compiled /recipe-test in 137ms (978 modules)
 GET /recipe-test 200 in 232ms
 ✓ Compiled /favicon.ico in 71ms (555 modules)
 GET /favicon.ico 200 in 123ms
 GET /favicon.ico 200 in 3ms
Development mode: Skipping authentication check
Using mock Supabase client for development
 GET / 200 in 76ms
 ✓ Compiled in 229ms (1017 modules)
 ✓ Compiled in 210ms (1017 modules)
Development mode: Skipping authentication check
 GET /recipe-test 200 in 43ms
 GET /favicon.ico 200 in 8ms
 GET /favicon.ico 200 in 3ms
Development mode: Skipping authentication check
Using mock Supabase client for development
 GET / 200 in 41ms
 ✓ Compiled in 126ms (994 modules)
 ✓ Compiled in 128ms (462 modules)
 ✓ Compiled in 162ms (996 modules)
Development mode: Skipping authentication check
 ✓ Compiled /recipe-test in 84ms (539 modules)
 GET /recipe-test 200 in 189ms
 ✓ Compiled /favicon.ico in 87ms (555 modules)
 GET /favicon.ico 200 in 151ms
 GET /favicon.ico 200 in 9ms
Development mode: Skipping authentication check
Using mock Supabase client for development
 GET / 200 in 70ms
 ✓ Compiled in 190ms (994 modules)
 ✓ Compiled in 91ms (973 modules)
 ✓ Compiled in 112ms (973 modules)
 ✓ Compiled in 76ms (973 modules)
 ✓ Compiled in 74ms (973 modules)
 ✓ Compiled in 75ms (973 modules)
 ✓ Compiled in 130ms (462 modules)
 ✓ Compiled in 219ms (996 modules)
 ✓ Compiled in 93ms (951 modules)
 ✓ Compiled in 84ms (953 modules)
 ✓ Compiled in 93ms (953 modules)
 ✓ Compiled in 81ms (953 modules)
 ✓ Compiled in 101ms (953 modules)
   Reload env: .env.local
 ✓ Compiled in 1358ms (1237 modules)
 ✓ Compiled in 223ms (953 modules)
 ✓ Compiled in 91ms (953 modules)
 ✓ Compiled in 76ms (953 modules)
 ✓ Compiled in 103ms (953 modules)
 ✓ Compiled in 244ms (955 modules)
Development mode: Skipping authentication check
 GET / 200 in 128ms
Development mode: Skipping authentication check
 GET / 200 in 34ms
Development mode: Skipping authentication check
 GET / 200 in 39ms
 ✓ Compiled /favicon.ico in 364ms (530 modules)
 GET /favicon.ico 200 in 420ms
 GET /favicon.ico 200 in 4ms
 ✓ Compiled in 315ms (994 modules)
Development mode: Skipping authentication check
 GET / 200 in 40ms
 ✓ Compiled in 272ms (978 modules)
Development mode: Skipping authentication check
 GET / 200 in 63ms
 ✓ Compiled in 214ms (978 modules)
Development mode: Skipping authentication check
 GET / 200 in 26ms
 ✓ Compiled in 58ms (248 modules)
 ✓ Compiled in 263ms (978 modules)
Development mode: Skipping authentication check
 GET / 200 in 51ms
 ✓ Compiled in 183ms (980 modules)
Development mode: Skipping authentication check
 GET / 200 in 27ms
 ✓ Compiled in 282ms (957 modules)
 ✓ Compiled in 268ms (957 modules)
 ✓ Compiled in 91ms (957 modules)
 ✓ Compiled in 192ms (980 modules)
 ✓ Compiled in 156ms (980 modules)
 ✓ Compiled in 104ms (957 modules)
Development mode: Skipping authentication check
 GET / 200 in 111ms
 ✓ Compiled /favicon.ico in 337ms (531 modules)
 GET /favicon.ico 200 in 409ms
 GET /favicon.ico 200 in 3ms
Development mode: Skipping authentication check
 GET / 200 in 82ms
 GET /favicon.ico 200 in 20ms
 GET /favicon.ico 200 in 12ms
 ✓ Compiled in 432ms (957 modules)
 ✓ Compiled in 207ms (957 modules)
 ✓ Compiled in 92ms (957 modules)
 ✓ Compiled in 95ms (957 modules)
 ✓ Compiled in 117ms (957 modules)
 ✓ Compiled in 396ms (980 modules)
Development mode: Skipping authentication check
 GET / 200 in 96ms
 ✓ Compiled /favicon.ico in 80ms (531 modules)
 GET /favicon.ico 200 in 131ms
 ✓ Compiled in 183ms (996 modules)
Development mode: Skipping authentication check
 GET / 200 in 46ms
 GET /favicon.ico 200 in 7ms
 ✓ Compiled in 168ms (996 modules)
Development mode: Skipping authentication check
 GET / 200 in 37ms
Development mode: Skipping authentication check
 GET / 200 in 81ms
 GET /favicon.ico 200 in 28ms
 GET /favicon.ico 200 in 12ms
Development mode: Skipping authentication check
 GET / 200 in 38ms
 GET /favicon.ico 200 in 7ms
 GET /favicon.ico 200 in 9ms
 ✓ Compiled in 181ms (465 modules)
Development mode: Skipping authentication check
 GET / 200 in 22ms
 GET /favicon.ico 200 in 3ms
 ✓ Compiled in 423ms (996 modules)
Development mode: Skipping authentication check
 GET / 200 in 48ms
 GET /favicon.ico 200 in 7ms
 ✓ Compiled in 153ms (973 modules)
 ✓ Compiled in 195ms (973 modules)
 ✓ Compiled in 106ms (973 modules)
 ⚠ Fast Refresh had to perform a full reload. Read more: https://nextjs.org/docs/messages/fast-refresh-reload
 ✓ Compiled in 126ms (957 modules)
Development mode: Skipping authentication check
 GET / 200 in 108ms
 ✓ Compiled /favicon.ico in 82ms (531 modules)
 GET /favicon.ico 200 in 143ms
 GET /favicon.ico 200 in 17ms
 ✓ Compiled in 173ms (973 modules)
 ✓ Compiled in 90ms (973 modules)
 ✓ Compiled in 126ms (973 modules)
 ✓ Compiled in 104ms (957 modules)
 ✓ Compiled /_not-found in 301ms (961 modules)
 GET /api/recipes 404 in 397ms
 ✓ Compiled in 541ms (980 modules)
Development mode: Skipping authentication check
 GET / 200 in 42ms
 ✓ Compiled /favicon.ico in 49ms (531 modules)
 GET /favicon.ico 200 in 97ms
 ✓ Compiled in 295ms (996 modules)
Development mode: Skipping authentication check
 GET / 200 in 61ms
 GET /favicon.ico 200 in 8ms
 ✓ Compiled in 202ms (996 modules)
Development mode: Skipping authentication check
 GET / 200 in 35ms
 ✓ Compiled in 129ms (973 modules)
 ✓ Compiled in 171ms (973 modules)
 ✓ Compiled in 109ms (973 modules)
 ✓ Compiled in 110ms (957 modules)
 ✓ Compiled in 163ms (957 modules)
Development mode: Skipping authentication check
 GET / 200 in 166ms
 ✓ Compiled /favicon.ico in 218ms (531 modules)
 GET /favicon.ico 200 in 311ms
 GET /favicon.ico 200 in 27ms
 GET /favicon.ico 200 in 6ms
 ✓ Compiled in 521ms (980 modules)
Development mode: Skipping authentication check
 GET / 200 in 105ms
 ✓ Compiled /favicon.ico in 45ms (531 modules)
 GET /favicon.ico 200 in 86ms
 ✓ Compiled in 211ms (996 modules)
Development mode: Skipping authentication check
 GET / 200 in 44ms
 GET /favicon.ico 200 in 6ms
 ✓ Compiled in 256ms (996 modules)
Development mode: Skipping authentication check
 GET / 200 in 56ms
 ✓ Compiled in 152ms (973 modules)
 ✓ Compiled in 137ms (973 modules)
 ✓ Compiled in 138ms (973 modules)
 ✓ Compiled in 379ms (996 modules)
Development mode: Skipping authentication check
 GET / 200 in 42ms
 ✓ Compiled in 188ms (980 modules)
Development mode: Skipping authentication check
 GET / 200 in 86ms
Development mode: Skipping authentication check
 GET / 200 in 76ms
 ✓ Compiled /favicon.ico in 95ms (531 modules)
 GET /favicon.ico 200 in 176ms
 GET /favicon.ico 200 in 14ms
 GET /favicon.ico 200 in 15ms
Development mode: Skipping authentication check
 GET / 200 in 81ms
 ✓ Compiled in 264ms (957 modules)
 ⚠ Fast Refresh had to perform a full reload. Read more: https://nextjs.org/docs/messages/fast-refresh-reload
Development mode: Skipping authentication check
 GET / 200 in 134ms
 ✓ Compiled /favicon.ico in 70ms (531 modules)
 GET /favicon.ico 200 in 129ms
 GET /favicon.ico 200 in 8ms
 ✓ Compiled in 212ms (973 modules)
 ✓ Compiled in 335ms (996 modules)
Development mode: Skipping authentication check
 GET / 200 in 63ms
 GET /favicon.ico 200 in 9ms
 ✓ Compiled in 204ms (996 modules)
Development mode: Skipping authentication check
 GET / 200 in 33ms
 GET /favicon.ico 200 in 4ms
 ✓ Compiled in 160ms (996 modules)
Development mode: Skipping authentication check
 GET / 200 in 23ms
 ✓ Compiled in 166ms (996 modules)
Development mode: Skipping authentication check
 GET / 200 in 22ms
Development mode: Skipping authentication check
 GET / 200 in 88ms
 GET /favicon.ico 200 in 67ms
 GET /favicon.ico 200 in 10ms
 ✓ Compiled in 1716ms (957 modules)
 ✓ Compiled in 294ms (957 modules)
Development mode: Skipping authentication check
 GET / 200 in 175ms
 ✓ Compiled /favicon.ico in 327ms (531 modules)
 GET /favicon.ico 200 in 443ms
 GET /favicon.ico 200 in 21ms
 GET /favicon.ico 200 in 9ms
 ⚠ Fast Refresh had to perform a full reload. Read more: https://nextjs.org/docs/messages/fast-refresh-reload
Development mode: Skipping authentication check
 ✓ Compiled in 287ms (957 modules)
 GET / 200 in 288ms
 ✓ Compiled /favicon.ico in 88ms (531 modules)
 GET /favicon.ico 200 in 128ms
 GET /favicon.ico 200 in 5ms
 ✓ Compiled in 321ms (973 modules)
 ✓ Compiled in 95ms (973 modules)
 ✓ Compiled in 123ms (973 modules)
 ✓ Compiled in 225ms (957 modules)
Development mode: Skipping authentication check
 GET / 200 in 155ms
 ✓ Compiled /favicon.ico in 220ms (531 modules)
 GET /favicon.ico 200 in 304ms
 GET /favicon.ico 200 in 26ms
 ✓ Compiled in 466ms (465 modules)
Development mode: Skipping authentication check
 GET / 200 in 45ms
 GET /favicon.ico 200 in 4ms
 ✓ Compiled in 248ms (465 modules)
Development mode: Skipping authentication check
 GET / 200 in 72ms
Development mode: Skipping authentication check
 ✓ Compiled in 353ms (1205 modules)
 GET / 200 in 329ms
Development mode: Skipping authentication check
 GET / 200 in 25ms
 ✓ Compiled /favicon.ico in 45ms (531 modules)
 GET /favicon.ico 200 in 100ms
 ✓ Compiled in 664ms (980 modules)
Development mode: Skipping authentication check
 GET / 200 in 132ms
 ✓ Compiled in 256ms (980 modules)
Development mode: Skipping authentication check
 GET / 200 in 44ms
 ✓ Compiled in 226ms (957 modules)
 ✓ Compiled in 147ms (957 modules)
 ✓ Compiled in 116ms (465 modules)
Development mode: Skipping authentication check
 GET / 200 in 30ms
 ✓ Compiled in 112ms (465 modules)
Development mode: Skipping authentication check
 GET / 200 in 7ms
 ✓ Compiled in 242ms (980 modules)
Development mode: Skipping authentication check
 GET / 200 in 58ms
 ⚠ Fast Refresh had to perform a full reload due to a runtime error.
 ✓ Compiled in 312ms (980 modules)
Development mode: Skipping authentication check
 GET / 200 in 90ms
 ✓ Compiled /favicon.ico in 69ms (531 modules)
 GET /favicon.ico 200 in 134ms
 GET /favicon.ico 200 in 4ms
 ✓ Compiled in 226ms (996 modules)
Development mode: Skipping authentication check
 GET / 200 in 54ms
 GET /favicon.ico 200 in 7ms
Development mode: Skipping authentication check
 GET / 200 in 72ms
 GET /favicon.ico 200 in 19ms
 GET /favicon.ico 200 in 12ms
 GET /favicon.ico 200 in 8ms
 ✓ Compiled in 810ms (980 modules)
Development mode: Skipping authentication check
 GET / 200 in 92ms
 ✓ Compiled /favicon.ico in 61ms (531 modules)
 GET /favicon.ico 200 in 126ms
 ✓ Compiled in 704ms (980 modules)
Development mode: Skipping authentication check
 GET / 200 in 97ms
 ✓ Compiled /favicon.ico in 110ms (531 modules)
 GET /favicon.ico 200 in 174ms
 ✓ Compiled in 355ms (996 modules)
Development mode: Skipping authentication check
 GET / 200 in 59ms
 ✓ Compiled in 355ms (973 modules)
 ✓ Compiled in 310ms (996 modules)
Development mode: Skipping authentication check
 GET / 200 in 37ms
 ✓ Compiled in 366ms (980 modules)
Development mode: Skipping authentication check
 GET / 200 in 147ms
 ✓ Compiled in 301ms (980 modules)
Development mode: Skipping authentication check
 GET / 200 in 35ms
 ✓ Compiled in 401ms (980 modules)
Development mode: Skipping authentication check
 GET / 200 in 49ms
Development mode: Skipping authentication check
 GET / 200 in 80ms
 ✓ Compiled /favicon.ico in 126ms (531 modules)
 GET /favicon.ico 200 in 221ms
 GET /favicon.ico 200 in 4ms
 GET /favicon.ico 200 in 17ms
 ○ Compiling /_not-found ...
 ✓ Compiled /_not-found in 5.9s (961 modules)
 GET /api/recipes/bf7517ee-26ca-42e3-86e8-1464e860daff 404 in 6371ms
 GET /api/recipes/bf7517ee-26ca-42e3-86e8-1464e860daff 404 in 236ms
 GET /api/recipes/bf7517ee-26ca-42e3-86e8-1464e860daff 404 in 259ms
 GET /api/recipes/bf7517ee-26ca-42e3-86e8-1464e860daff 404 in 107ms
Development mode: Skipping authentication check
 GET / 200 in 111ms
 ○ Compiling /favicon.ico ...
 ✓ Compiled /favicon.ico in 592ms (531 modules)
 GET /favicon.ico 200 in 690ms
 GET /favicon.ico 200 in 17ms
 GET /favicon.ico 200 in 24ms
 ✓ Compiled in 643ms (980 modules)
Development mode: Skipping authentication check
 GET / 200 in 97ms
 ✓ Compiled /favicon.ico in 64ms (531 modules)
 GET /favicon.ico 200 in 136ms
 ✓ Compiled in 494ms (996 modules)
Development mode: Skipping authentication check
 GET / 200 in 43ms
 GET /favicon.ico 200 in 8ms
 ✓ Compiled in 274ms (996 modules)
Development mode: Skipping authentication check
 GET / 200 in 52ms
 ✓ Compiled in 108ms (973 modules)
 ✓ Compiled in 106ms (973 modules)
Development mode: Skipping authentication check
 GET / 200 in 109ms
 GET /favicon.ico 200 in 18ms
 GET /favicon.ico 200 in 10ms
